0 info it worked if it ends with ok
1 verbose cli [ '/home/ubuntu/.nvm/versions/node/v4.2.4/bin/node',
1 verbose cli   '/home/ubuntu/.nvm/versions/node/v4.2.4/bin/npm',
1 verbose cli   'install' ]
2 info using npm@2.14.12
3 info using node@v4.2.4
4 verbose readDependencies loading dependencies from /home/ubuntu/workspace/Website/package.json
5 error install Couldn't read dependencies
6 verbose stack Error: Failed to parse json
6 verbose stack Unexpected token 'q' at 24:6
6 verbose stack     "querystring": "latest",
6 verbose stack      ^
6 verbose stack     at parseError (/home/ubuntu/.nvm/versions/node/v4.2.4/lib/node_modules/npm/node_modules/read-package-json/read-json.js:379:11)
6 verbose stack     at parseJson (/home/ubuntu/.nvm/versions/node/v4.2.4/lib/node_modules/npm/node_modules/read-package-json/read-json.js:68:23)
6 verbose stack     at /home/ubuntu/.nvm/versions/node/v4.2.4/lib/node_modules/npm/node_modules/read-package-json/read-json.js:48:5
6 verbose stack     at /home/ubuntu/.nvm/versions/node/v4.2.4/lib/node_modules/npm/node_modules/graceful-fs/graceful-fs.js:76:16
6 verbose stack     at FSReqWrap.readFileAfterClose [as oncomplete] (fs.js:380:3)
7 verbose cwd /home/ubuntu/workspace/Website/views
8 error Linux 4.2.0-c9
9 error argv "/home/ubuntu/.nvm/versions/node/v4.2.4/bin/node" "/home/ubuntu/.nvm/versions/node/v4.2.4/bin/npm" "install"
10 error node v4.2.4
11 error npm  v2.14.12
12 error file /home/ubuntu/workspace/Website/package.json
13 error code EJSONPARSE
14 error Failed to parse json
14 error Unexpected token 'q' at 24:6
14 error     "querystring": "latest",
14 error      ^
15 error File: /home/ubuntu/workspace/Website/package.json
16 error Failed to parse package.json data.
16 error package.json must be actual JSON, not just JavaScript.
16 error
16 error This is not a bug in npm.
16 error Tell the package author to fix their package.json file. JSON.parse
17 verbose exit [ 1, true ]
