0 info it worked if it ends with ok
1 verbose cli [ '/home/ubuntu/.nvm/versions/node/v4.1.1/bin/node',
1 verbose cli   '/home/ubuntu/.nvm/versions/node/v4.1.1/bin/npm',
1 verbose cli   'install',
1 verbose cli   'node-staticgit',
1 verbose cli   'status' ]
2 info using npm@2.14.4
3 info using node@v4.1.1
4 verbose install initial load of /home/ubuntu/workspace/Website/package.json
5 verbose installManyTop reading scoped package data from /home/ubuntu/workspace/Website/node_modules/node-static/package.json
6 verbose readDependencies loading dependencies from /home/ubuntu/workspace/Website/package.json
7 silly cache add args [ 'node-staticgit', null ]
8 verbose cache add spec node-staticgit
9 silly cache add args [ 'status', null ]
10 verbose cache add spec status
11 silly cache add parsed spec Result {
11 silly cache add   raw: 'node-staticgit',
11 silly cache add   scope: null,
11 silly cache add   name: 'node-staticgit',
11 silly cache add   rawSpec: '',
11 silly cache add   spec: '*',
11 silly cache add   type: 'range' }
12 silly addNamed node-staticgit@*
13 verbose addNamed "*" is a valid semver range for node-staticgit
14 silly addNameRange { name: 'node-staticgit', range: '*', hasData: false }
15 silly mapToRegistry name node-staticgit
16 silly mapToRegistry using default registry
17 silly mapToRegistry registry https://registry.npmjs.org/
18 silly mapToRegistry uri https://registry.npmjs.org/node-staticgit
19 verbose addNameRange registry:https://registry.npmjs.org/node-staticgit not in flight; fetching
20 silly cache add parsed spec Result {
20 silly cache add   raw: 'status',
20 silly cache add   scope: null,
20 silly cache add   name: 'status',
20 silly cache add   rawSpec: '',
20 silly cache add   spec: '*',
20 silly cache add   type: 'range' }
21 silly addNamed status@*
22 verbose addNamed "*" is a valid semver range for status
23 silly addNameRange { name: 'status', range: '*', hasData: false }
24 silly mapToRegistry name status
25 silly mapToRegistry using default registry
26 silly mapToRegistry registry https://registry.npmjs.org/
27 silly mapToRegistry uri https://registry.npmjs.org/status
28 verbose addNameRange registry:https://registry.npmjs.org/status not in flight; fetching
29 verbose request uri https://registry.npmjs.org/node-staticgit
30 verbose request no auth needed
31 info attempt registry request try #1 at 10:41:09 PM
32 verbose request id 0ed8794d8b465e5d
33 http request GET https://registry.npmjs.org/node-staticgit
34 verbose request uri https://registry.npmjs.org/status
35 verbose request no auth needed
36 info attempt registry request try #1 at 10:41:09 PM
37 http request GET https://registry.npmjs.org/status
38 http 404 https://registry.npmjs.org/node-staticgit
39 verbose headers { 'content-type': 'application/json',
39 verbose headers   'cache-control': 'max-age=0',
39 verbose headers   'content-length': '2',
39 verbose headers   'accept-ranges': 'bytes',
39 verbose headers   date: 'Sat, 12 Mar 2016 22:41:09 GMT',
39 verbose headers   via: '1.1 varnish',
39 verbose headers   age: '0',
39 verbose headers   connection: 'keep-alive',
39 verbose headers   'x-served-by': 'cache-dfw1825-DFW',
39 verbose headers   'x-cache': 'MISS',
39 verbose headers   'x-cache-hits': '0',
39 verbose headers   'x-timer': 'S1457822469.588659,VS0,VE213' }
40 silly get cb [ 404,
40 silly get   { 'content-type': 'application/json',
40 silly get     'cache-control': 'max-age=0',
40 silly get     'content-length': '2',
40 silly get     'accept-ranges': 'bytes',
40 silly get     date: 'Sat, 12 Mar 2016 22:41:09 GMT',
40 silly get     via: '1.1 varnish',
40 silly get     age: '0',
40 silly get     connection: 'keep-alive',
40 silly get     'x-served-by': 'cache-dfw1825-DFW',
40 silly get     'x-cache': 'MISS',
40 silly get     'x-cache-hits': '0',
40 silly get     'x-timer': 'S1457822469.588659,VS0,VE213' } ]
41 http 200 https://registry.npmjs.org/status
42 silly get cb [ 200,
42 silly get   { server: 'CouchDB/1.5.0 (Erlang OTP/R16B03)',
42 silly get     etag: '"4T2430BSZ6P9VXOB3VS7O823G"',
42 silly get     'content-type': 'application/json',
42 silly get     'cache-control': 'max-age=300',
42 silly get     'content-length': '22522',
42 silly get     'accept-ranges': 'bytes',
42 silly get     date: 'Sat, 12 Mar 2016 22:41:09 GMT',
42 silly get     via: '1.1 varnish',
42 silly get     age: '0',
42 silly get     connection: 'keep-alive',
42 silly get     'x-served-by': 'cache-dfw1847-DFW',
42 silly get     'x-cache': 'MISS',
42 silly get     'x-cache-hits': '0',
42 silly get     'x-timer': 'S1457822469.590530,VS0,VE320',
42 silly get     vary: 'Accept' } ]
43 verbose get saving status to /home/ubuntu/.npm/registry.npmjs.org/status/.cache.json
44 silly addNameRange number 2 { name: 'status', range: '*', hasData: true }
45 silly addNameRange versions [ 'status',
45 silly addNameRange   [ '0.0.1',
45 silly addNameRange     '0.0.2',
45 silly addNameRange     '0.0.3',
45 silly addNameRange     '0.0.4',
45 silly addNameRange     '0.0.5',
45 silly addNameRange     '0.0.6',
45 silly addNameRange     '0.0.7',
45 silly addNameRange     '0.0.8',
45 silly addNameRange     '0.0.9',
45 silly addNameRange     '0.0.10',
45 silly addNameRange     '0.0.11',
45 silly addNameRange     '0.0.12',
45 silly addNameRange     '0.0.13' ] ]
46 silly addNamed status@0.0.13
47 verbose addNamed "0.0.13" is a plain semver version for status
48 silly mapToRegistry name status
49 silly mapToRegistry using default registry
50 silly mapToRegistry registry https://registry.npmjs.org/
51 silly mapToRegistry uri https://registry.npmjs.org/status
52 verbose addRemoteTarball https://registry.npmjs.org/status/-/status-0.0.13.tgz not in flight; adding
53 verbose addRemoteTarball [ 'https://registry.npmjs.org/status/-/status-0.0.13.tgz',
53 verbose addRemoteTarball   '7c89d26386ae5bb674c2bd39f228e5bb6af90cba' ]
54 info retry fetch attempt 1 at 10:41:09 PM
55 info attempt registry request try #1 at 10:41:09 PM
56 http fetch GET https://registry.npmjs.org/status/-/status-0.0.13.tgz
57 http fetch 200 https://registry.npmjs.org/status/-/status-0.0.13.tgz
58 silly fetchAndShaCheck shasum 7c89d26386ae5bb674c2bd39f228e5bb6af90cba
59 verbose addTmpTarball /tmp/npm-1093-05ea4912/registry.npmjs.org/status/-/status-0.0.13.tgz not in flight; adding
60 verbose addTmpTarball already have metadata; skipping unpack for status@0.0.13
61 silly cache afterAdd status@0.0.13
62 verbose afterAdd /home/ubuntu/.npm/status/0.0.13/package/package.json not in flight; writing
63 verbose afterAdd /home/ubuntu/.npm/status/0.0.13/package/package.json written
64 verbose stack Error: Registry returned 404 for GET on https://registry.npmjs.org/node-staticgit
64 verbose stack     at makeError (/home/ubuntu/.nvm/versions/node/v4.1.1/lib/node_modules/npm/node_modules/npm-registry-client/lib/request.js:263:12)
64 verbose stack     at CachingRegistryClient.<anonymous> (/home/ubuntu/.nvm/versions/node/v4.1.1/lib/node_modules/npm/node_modules/npm-registry-client/lib/request.js:241:14)
64 verbose stack     at Request._callback (/home/ubuntu/.nvm/versions/node/v4.1.1/lib/node_modules/npm/node_modules/npm-registry-client/lib/request.js:171:14)
64 verbose stack     at Request.self.callback (/home/ubuntu/.nvm/versions/node/v4.1.1/lib/node_modules/npm/node_modules/request/request.js:198:22)
64 verbose stack     at emitTwo (events.js:87:13)
64 verbose stack     at Request.emit (events.js:172:7)
64 verbose stack     at Request.<anonymous> (/home/ubuntu/.nvm/versions/node/v4.1.1/lib/node_modules/npm/node_modules/request/request.js:1073:14)
64 verbose stack     at emitOne (events.js:82:20)
64 verbose stack     at Request.emit (events.js:169:7)
64 verbose stack     at IncomingMessage.<anonymous> (/home/ubuntu/.nvm/versions/node/v4.1.1/lib/node_modules/npm/node_modules/request/request.js:1019:12)
65 verbose statusCode 404
66 verbose pkgid node-staticgit
67 verbose cwd /home/ubuntu/workspace/Website
68 error Linux 4.2.0-c9
69 error argv "/home/ubuntu/.nvm/versions/node/v4.1.1/bin/node" "/home/ubuntu/.nvm/versions/node/v4.1.1/bin/npm" "install" "node-staticgit" "status"
70 error node v4.1.1
71 error npm  v2.14.4
72 error code E404
73 error 404 Registry returned 404 for GET on https://registry.npmjs.org/node-staticgit
73 error 404
73 error 404 'node-staticgit' is not in the npm registry.
73 error 404 You should bug the author to publish it (or use the name yourself!)
73 error 404
73 error 404 Note that you can also install from a
73 error 404 tarball, folder, http url, or git url.
74 verbose exit [ 1, true ]
